#! /c/Source/iverilog-install/bin/vvp
:ivl_version "12.0 (devel)" "(s20150603-1539-g2693dd32b)";
:ivl_delay_selection "TYPICAL";
:vpi_time_precision - 9;
:vpi_module "C:\iverilog\lib\ivl\system.vpi";
:vpi_module "C:\iverilog\lib\ivl\vhdl_sys.vpi";
:vpi_module "C:\iverilog\lib\ivl\vhdl_textio.vpi";
:vpi_module "C:\iverilog\lib\ivl\v2005_math.vpi";
:vpi_module "C:\iverilog\lib\ivl\va_math.vpi";
S_00000229c239dbd0 .scope module, "derivative_tb" "derivative_tb" 2 4;
 .timescale -9 -9;
v00000229c23b3010_0 .var "clk", 0 0;
v00000229c23b30b0_0 .var "enb", 0 0;
v00000229c23b3150_0 .var "reset", 0 0;
v00000229c23e48b0_0 .net "result", 7 0, v00000229c23b2f70_0;  1 drivers
v00000229c23e4950_0 .var "values", 7 0;
S_00000229c239dd60 .scope module, "DUT" "Derivative" 2 14, 3 27 0, S_00000229c239dbd0;
 .timescale -9 -9;
    .port_info 0 /INPUT 1 "clk";
    .port_info 1 /INPUT 1 "reset";
    .port_info 2 /INPUT 1 "enb";
    .port_info 3 /INPUT 8 "In1";
    .port_info 4 /OUTPUT 8 "u";
v00000229c239ae50_0 .var "Delay_out1", 7 0;
v00000229c239aef0_0 .net "In1", 7 0, v00000229c23e4950_0;  1 drivers
v00000229c239def0_0 .net "clk", 0 0, v00000229c23b3010_0;  1 drivers
v00000229c239df90_0 .net "enb", 0 0, v00000229c23b30b0_0;  1 drivers
v00000229c23b2ed0_0 .net "reset", 0 0, v00000229c23b3150_0;  1 drivers
v00000229c23b2f70_0 .var "u", 7 0;
E_00000229c23e9a90 .event posedge, v00000229c23b2ed0_0, v00000229c239def0_0;
S_00000229c23b2d40 .scope begin, "Delay_process" "Delay_process" 3 47, 3 47 0, S_00000229c239dd60;
 .timescale -9 -9;
    .scope S_00000229c239dd60;
T_0 ;
    %wait E_00000229c23e9a90;
    %fork t_1, S_00000229c23b2d40;
    %jmp t_0;
    .scope S_00000229c23b2d40;
t_1 ;
    %load/vec4 v00000229c23b2ed0_0;
    %cmpi/e 1, 0, 1;
    %jmp/0xz  T_0.0, 4;
    %pushi/vec4 0, 0, 8;
    %assign/vec4 v00000229c239ae50_0, 0;
    %jmp T_0.1;
T_0.0 ;
    %load/vec4 v00000229c239df90_0;
    %flag_set/vec4 8;
    %jmp/0xz  T_0.2, 8;
    %load/vec4 v00000229c239aef0_0;
    %assign/vec4 v00000229c239ae50_0, 0;
T_0.2 ;
T_0.1 ;
    %load/vec4 v00000229c239ae50_0;
    %load/vec4 v00000229c239aef0_0;
    %cmp/u;
    %flag_or 5, 4;
    %jmp/0xz  T_0.4, 5;
    %load/vec4 v00000229c239aef0_0;
    %load/vec4 v00000229c239ae50_0;
    %sub;
    %assign/vec4 v00000229c23b2f70_0, 0;
    %jmp T_0.5;
T_0.4 ;
    %load/vec4 v00000229c239ae50_0;
    %load/vec4 v00000229c239aef0_0;
    %sub;
    %assign/vec4 v00000229c23b2f70_0, 0;
T_0.5 ;
    %end;
    .scope S_00000229c239dd60;
t_0 %join;
    %jmp T_0;
    .thread T_0;
    .scope S_00000229c239dbd0;
T_1 ;
    %pushi/vec4 0, 0, 1;
    %assign/vec4 v00000229c23b3010_0, 0;
    %vpi_call 2 25 "$dumpfile", "derivativeTest.vcd" {0 0 0};
    %vpi_call 2 26 "$dumpvars", 32'sb00000000000000000000000000000000, S_00000229c239dbd0 {0 0 0};
    %pushi/vec4 1, 0, 1;
    %assign/vec4 v00000229c23b3150_0, 0;
    %delay 1, 0;
    %pushi/vec4 0, 0, 1;
    %assign/vec4 v00000229c23b3150_0, 0;
    %pushi/vec4 1, 0, 1;
    %assign/vec4 v00000229c23b30b0_0, 0;
    %pushi/vec4 0, 0, 8;
    %store/vec4 v00000229c23e4950_0, 0, 8;
    %delay 1, 0;
    %pushi/vec4 0, 0, 8;
    %store/vec4 v00000229c23e4950_0, 0, 8;
T_1.0 ;
    %load/vec4 v00000229c23e4950_0;
    %pad/u 32;
    %cmpi/u 5, 0, 32;
    %jmp/0xz T_1.1, 5;
    %delay 1, 0;
    %load/vec4 v00000229c23e4950_0;
    %addi 1, 0, 8;
    %store/vec4 v00000229c23e4950_0, 0, 8;
    %jmp T_1.0;
T_1.1 ;
    %delay 10, 0;
    %pushi/vec4 0, 0, 8;
    %store/vec4 v00000229c23e4950_0, 0, 8;
T_1.2 ;
    %load/vec4 v00000229c23e4950_0;
    %pad/u 32;
    %cmpi/u 5, 0, 32;
    %jmp/0xz T_1.3, 5;
    %delay 2, 0;
    %load/vec4 v00000229c23e4950_0;
    %addi 2, 0, 8;
    %store/vec4 v00000229c23e4950_0, 0, 8;
    %jmp T_1.2;
T_1.3 ;
    %pushi/vec4 0, 0, 8;
    %assign/vec4 v00000229c23e4950_0, 0;
    %delay 10, 0;
    %vpi_call 2 46 "$finish" {0 0 0};
    %end;
    .thread T_1;
    .scope S_00000229c239dbd0;
T_2 ;
    %delay 2, 0;
    %load/vec4 v00000229c23b3010_0;
    %inv;
    %store/vec4 v00000229c23b3010_0, 0, 1;
    %jmp T_2;
    .thread T_2;
# The file index is used to find the file name in the following table.
:file_names 4;
    "N/A";
    "<interactive>";
    "derivative_tb.v";
    "./Derivative.v";
