#! /c/Source/iverilog-install/bin/vvp
:ivl_version "12.0 (devel)" "(s20150603-1539-g2693dd32b)";
:ivl_delay_selection "TYPICAL";
:vpi_time_precision + 0;
:vpi_module "C:\iverilog\lib\ivl\system.vpi";
:vpi_module "C:\iverilog\lib\ivl\vhdl_sys.vpi";
:vpi_module "C:\iverilog\lib\ivl\vhdl_textio.vpi";
:vpi_module "C:\iverilog\lib\ivl\v2005_math.vpi";
:vpi_module "C:\iverilog\lib\ivl\va_math.vpi";
S_000001c2e34d2df0 .scope module, "Derivative" "Derivative" 2 27;
 .timescale 0 0;
    .port_info 0 /INPUT 1 "clk";
    .port_info 1 /INPUT 1 "reset";
    .port_info 2 /INPUT 1 "enb";
    .port_info 3 /INPUT 8 "In1";
    .port_info 4 /OUTPUT 8 "u";
v000001c2e3449710_0 .var "Delay_out1", 7 0;
o000001c2e3507008 .functor BUFZ 8, C4<zzzzzzzz>; HiZ drive
v000001c2e344bbf0_0 .net "In1", 7 0, o000001c2e3507008;  0 drivers
o000001c2e3507038 .functor BUFZ 1, C4<z>; HiZ drive
v000001c2e344bc90_0 .net "clk", 0 0, o000001c2e3507038;  0 drivers
o000001c2e3507068 .functor BUFZ 1, C4<z>; HiZ drive
v000001c2e344bd30_0 .net "enb", 0 0, o000001c2e3507068;  0 drivers
o000001c2e3507098 .functor BUFZ 1, C4<z>; HiZ drive
v000001c2e3502880_0 .net "reset", 0 0, o000001c2e3507098;  0 drivers
v000001c2e3502920_0 .var "u", 7 0;
E_000001c2e344c920 .event posedge, v000001c2e3502880_0, v000001c2e344bc90_0;
S_000001c2e34d2f80 .scope begin, "Delay_process" "Delay_process" 2 47, 2 47 0, S_000001c2e34d2df0;
 .timescale 0 0;
    .scope S_000001c2e34d2df0;
T_0 ;
    %wait E_000001c2e344c920;
    %fork t_1, S_000001c2e34d2f80;
    %jmp t_0;
    .scope S_000001c2e34d2f80;
t_1 ;
    %load/vec4 v000001c2e3502880_0;
    %cmpi/e 1, 0, 1;
    %jmp/0xz  T_0.0, 4;
    %pushi/vec4 0, 0, 8;
    %assign/vec4 v000001c2e3449710_0, 0;
    %jmp T_0.1;
T_0.0 ;
    %load/vec4 v000001c2e344bd30_0;
    %flag_set/vec4 8;
    %jmp/0xz  T_0.2, 8;
    %load/vec4 v000001c2e344bbf0_0;
    %assign/vec4 v000001c2e3449710_0, 0;
T_0.2 ;
T_0.1 ;
    %load/vec4 v000001c2e3449710_0;
    %load/vec4 v000001c2e344bbf0_0;
    %cmp/u;
    %flag_or 5, 4;
    %jmp/0xz  T_0.4, 5;
    %load/vec4 v000001c2e344bbf0_0;
    %load/vec4 v000001c2e3449710_0;
    %sub;
    %assign/vec4 v000001c2e3502920_0, 0;
    %jmp T_0.5;
T_0.4 ;
    %load/vec4 v000001c2e3449710_0;
    %load/vec4 v000001c2e344bbf0_0;
    %sub;
    %assign/vec4 v000001c2e3502920_0, 0;
T_0.5 ;
    %end;
    .scope S_000001c2e34d2df0;
t_0 %join;
    %jmp T_0;
    .thread T_0;
# The file index is used to find the file name in the following table.
:file_names 3;
    "N/A";
    "<interactive>";
    "Derivative.v";
