#! /c/Source/iverilog-install/bin/vvp
:ivl_version "12.0 (devel)" "(s20150603-1539-g2693dd32b)";
:ivl_delay_selection "TYPICAL";
:vpi_time_precision + 0;
:vpi_module "C:\iverilog\lib\ivl\system.vpi";
:vpi_module "C:\iverilog\lib\ivl\vhdl_sys.vpi";
:vpi_module "C:\iverilog\lib\ivl\vhdl_textio.vpi";
:vpi_module "C:\iverilog\lib\ivl\v2005_math.vpi";
:vpi_module "C:\iverilog\lib\ivl\va_math.vpi";
S_0000028d2227e430 .scope module, "ReadingFiles_tb" "ReadingFiles_tb" 2 2;
 .timescale 0 0;
    .port_info 0 /OUTPUT 1 "clk";
    .port_info 1 /OUTPUT 8 "data";
v0000028d222c4220_0 .var "clk", 0 0;
v0000028d222c42c0_0 .var/i "code", 31 0;
v0000028d222c4360_0 .var "data", 7 0;
v0000028d222c4400_0 .var/i "dummy", 31 0;
v0000028d222c44a0_0 .var "enb", 0 0;
v0000028d2231a740_0 .var/i "fd", 31 0;
v0000028d22319f20_0 .var "inputArray", 7 0;
v0000028d22319d40_0 .net "outputVal", 7 0, v0000028d22292ff0_0;  1 drivers
v0000028d22319ca0_0 .var "reset", 0 0;
v0000028d22319de0_0 .var "str", 80 1;
E_0000028d22278c20 .event posedge, v0000028d22293090_0;
S_0000028d2227e5c0 .scope module, "DUT" "Smoothing_Filter" 2 23, 3 25 0, S_0000028d2227e430;
 .timescale 0 0;
    .port_info 0 /INPUT 1 "clk";
    .port_info 1 /INPUT 1 "reset";
    .port_info 2 /INPUT 1 "enb";
    .port_info 3 /INPUT 8 "In_Arrary";
    .port_info 4 /OUTPUT 8 "SmoothedArray";
v0000028d222b60d0_0 .net "In_Arrary", 7 0, v0000028d22319f20_0;  1 drivers
v0000028d2227e750_0 .var "In_Arrary1", 7 0;
v0000028d2227e7f0_0 .var "In_Arrary2", 7 0;
v0000028d22292eb0_0 .var "In_Arrary3", 7 0;
v0000028d22292f50_0 .var "In_Arrary4", 7 0;
v0000028d22292ff0_0 .var "SmoothedArray", 7 0;
v0000028d22293090_0 .net "clk", 0 0, v0000028d222c4220_0;  1 drivers
v0000028d22293130_0 .net "enb", 0 0, v0000028d222c44a0_0;  1 drivers
v0000028d222c4180_0 .net "reset", 0 0, v0000028d22319ca0_0;  1 drivers
E_0000028d22278ce0 .event posedge, v0000028d222c4180_0, v0000028d22293090_0;
S_0000028d22292d20 .scope begin, "reduced_process" "reduced_process" 3 46, 3 46 0, S_0000028d2227e5c0;
 .timescale 0 0;
    .scope S_0000028d2227e5c0;
T_0 ;
    %wait E_0000028d22278ce0;
    %fork t_1, S_0000028d22292d20;
    %jmp t_0;
    .scope S_0000028d22292d20;
t_1 ;
    %load/vec4 v0000028d222c4180_0;
    %cmpi/e 1, 0, 1;
    %jmp/0xz  T_0.0, 4;
    %pushi/vec4 0, 0, 8;
    %assign/vec4 v0000028d2227e750_0, 0;
    %pushi/vec4 0, 0, 8;
    %assign/vec4 v0000028d2227e7f0_0, 0;
    %pushi/vec4 0, 0, 8;
    %assign/vec4 v0000028d22292eb0_0, 0;
    %pushi/vec4 0, 0, 8;
    %assign/vec4 v0000028d22292f50_0, 0;
    %jmp T_0.1;
T_0.0 ;
    %load/vec4 v0000028d22293130_0;
    %flag_set/vec4 8;
    %jmp/0xz  T_0.2, 8;
    %load/vec4 v0000028d22292eb0_0;
    %assign/vec4 v0000028d22292f50_0, 0;
    %load/vec4 v0000028d2227e7f0_0;
    %assign/vec4 v0000028d22292eb0_0, 0;
    %load/vec4 v0000028d2227e750_0;
    %assign/vec4 v0000028d2227e7f0_0, 0;
    %load/vec4 v0000028d222b60d0_0;
    %assign/vec4 v0000028d2227e750_0, 0;
T_0.2 ;
T_0.1 ;
    %load/vec4 v0000028d22292f50_0;
    %load/vec4 v0000028d22292eb0_0;
    %add;
    %load/vec4 v0000028d2227e7f0_0;
    %add;
    %load/vec4 v0000028d2227e750_0;
    %add;
    %ix/load 4, 2, 0;
    %flag_set/imm 4, 0;
    %shiftr 4;
    %assign/vec4 v0000028d22292ff0_0, 0;
    %end;
    .scope S_0000028d2227e5c0;
t_0 %join;
    %jmp T_0;
    .thread T_0;
    .scope S_0000028d2227e430;
T_1 ;
    %vpi_func 2 34 "$fopen" 32, "UpdownData.txt", "r" {0 0 0};
    %store/vec4 v0000028d2231a740_0, 0, 32;
    %pushi/vec4 0, 0, 1;
    %store/vec4 v0000028d222c4220_0, 0, 1;
    %pushi/vec4 0, 0, 8;
    %store/vec4 v0000028d222c4360_0, 0, 8;
    %pushi/vec4 1, 0, 32;
    %store/vec4 v0000028d222c42c0_0, 0, 32;
    %pushi/vec4 0, 0, 1;
    %store/vec4 v0000028d22319ca0_0, 0, 1;
    %pushi/vec4 1, 0, 1;
    %assign/vec4 v0000028d222c44a0_0, 0;
    %pushi/vec4 0, 0, 8;
    %store/vec4 v0000028d22319f20_0, 0, 8;
    %delay 2, 0;
T_1.0 ;
    %load/vec4 v0000028d222c42c0_0;
    %or/r;
    %flag_set/vec4 8;
    %jmp/0xz T_1.1, 8;
    %vpi_func 2 44 "$fgets" 32, v0000028d22319de0_0, v0000028d2231a740_0 {0 0 0};
    %store/vec4 v0000028d222c42c0_0, 0, 32;
    %vpi_func 2 45 "$sscanf" 32, v0000028d22319de0_0, "%d", v0000028d222c4360_0 {0 0 0};
    %store/vec4 v0000028d222c4400_0, 0, 32;
    %load/vec4 v0000028d222c4360_0;
    %assign/vec4 v0000028d22319f20_0, 0;
    %delay 2, 0;
    %wait E_0000028d22278c20;
    %jmp T_1.0;
T_1.1 ;
    %vpi_call 2 51 "$finish" {0 0 0};
    %end;
    .thread T_1;
    .scope S_0000028d2227e430;
T_2 ;
    %delay 5, 0;
    %load/vec4 v0000028d222c4220_0;
    %inv;
    %store/vec4 v0000028d222c4220_0, 0, 1;
    %jmp T_2;
    .thread T_2;
# The file index is used to find the file name in the following table.
:file_names 4;
    "N/A";
    "<interactive>";
    "ReadingFiles_tb.v";
    "./Smoothing_Filter.v";
