#! /c/Source/iverilog-install/bin/vvp
:ivl_version "12.0 (devel)" "(s20150603-1539-g2693dd32b)";
:ivl_delay_selection "TYPICAL";
:vpi_time_precision + 0;
:vpi_module "C:\iverilog\lib\ivl\system.vpi";
:vpi_module "C:\iverilog\lib\ivl\vhdl_sys.vpi";
:vpi_module "C:\iverilog\lib\ivl\vhdl_textio.vpi";
:vpi_module "C:\iverilog\lib\ivl\v2005_math.vpi";
:vpi_module "C:\iverilog\lib\ivl\va_math.vpi";
S_0000025eaaa5e430 .scope module, "SmoothingFilter_tb" "SmoothingFilter_tb" 2 3;
 .timescale 0 0;
v0000025eaaa72f50_0 .var "clk", 0 0;
v0000025eaaa72ff0_0 .var "enb", 0 0;
v0000025eaaa73090_0 .var "inputArray", 7 0;
v0000025eaaaef820_0 .net "outputVal", 7 0, v0000025eaaa5bbe0_0;  1 drivers
v0000025eaaaef8c0_0 .var "reset", 0 0;
S_0000025eaaa5e5c0 .scope module, "DUT" "Smoothing_Filter" 2 12, 3 25 0, S_0000025eaaa5e430;
 .timescale 0 0;
    .port_info 0 /INPUT 1 "clk";
    .port_info 1 /INPUT 1 "reset";
    .port_info 2 /INPUT 1 "enb";
    .port_info 3 /INPUT 8 "In_Arrary";
    .port_info 4 /OUTPUT 8 "SmoothedArray";
v0000025eaaa5e750_0 .net "In_Arrary", 7 0, v0000025eaaa73090_0;  1 drivers
v0000025eaaa5e7f0_0 .var "In_Arrary1", 7 0;
v0000025eaaa5ab60_0 .var "In_Arrary2", 7 0;
v0000025eaaa5ac00_0 .var "In_Arrary3", 7 0;
v0000025eaaa5bb40_0 .var "In_Arrary4", 7 0;
v0000025eaaa5bbe0_0 .var "SmoothedArray", 7 0;
v0000025eaaa5bc80_0 .net "clk", 0 0, v0000025eaaa72f50_0;  1 drivers
v0000025eaaa5bd20_0 .net "enb", 0 0, v0000025eaaa72ff0_0;  1 drivers
v0000025eaaa72eb0_0 .net "reset", 0 0, v0000025eaaaef8c0_0;  1 drivers
E_0000025eaaa95230 .event posedge, v0000025eaaa72eb0_0, v0000025eaaa5bc80_0;
S_0000025eaaa72d20 .scope begin, "reduced_process" "reduced_process" 3 46, 3 46 0, S_0000025eaaa5e5c0;
 .timescale 0 0;
    .scope S_0000025eaaa5e5c0;
T_0 ;
    %wait E_0000025eaaa95230;
    %fork t_1, S_0000025eaaa72d20;
    %jmp t_0;
    .scope S_0000025eaaa72d20;
t_1 ;
    %load/vec4 v0000025eaaa72eb0_0;
    %cmpi/e 1, 0, 1;
    %jmp/0xz  T_0.0, 4;
    %pushi/vec4 0, 0, 8;
    %assign/vec4 v0000025eaaa5e7f0_0, 0;
    %pushi/vec4 0, 0, 8;
    %assign/vec4 v0000025eaaa5ab60_0, 0;
    %pushi/vec4 0, 0, 8;
    %assign/vec4 v0000025eaaa5ac00_0, 0;
    %pushi/vec4 0, 0, 8;
    %assign/vec4 v0000025eaaa5bb40_0, 0;
    %jmp T_0.1;
T_0.0 ;
    %load/vec4 v0000025eaaa5bd20_0;
    %flag_set/vec4 8;
    %jmp/0xz  T_0.2, 8;
    %load/vec4 v0000025eaaa5ac00_0;
    %assign/vec4 v0000025eaaa5bb40_0, 0;
    %load/vec4 v0000025eaaa5ab60_0;
    %assign/vec4 v0000025eaaa5ac00_0, 0;
    %load/vec4 v0000025eaaa5e7f0_0;
    %assign/vec4 v0000025eaaa5ab60_0, 0;
    %load/vec4 v0000025eaaa5e750_0;
    %assign/vec4 v0000025eaaa5e7f0_0, 0;
T_0.2 ;
T_0.1 ;
    %load/vec4 v0000025eaaa5bb40_0;
    %load/vec4 v0000025eaaa5ac00_0;
    %add;
    %load/vec4 v0000025eaaa5ab60_0;
    %add;
    %load/vec4 v0000025eaaa5e7f0_0;
    %add;
    %ix/load 4, 2, 0;
    %flag_set/imm 4, 0;
    %shiftr 4;
    %assign/vec4 v0000025eaaa5bbe0_0, 0;
    %end;
    .scope S_0000025eaaa5e5c0;
t_0 %join;
    %jmp T_0;
    .thread T_0;
    .scope S_0000025eaaa5e430;
T_1 ;
    %pushi/vec4 0, 0, 1;
    %assign/vec4 v0000025eaaa72f50_0, 0;
    %vpi_call 2 21 "$dumpfile", "Smoothingfilter.vcd" {0 0 0};
    %vpi_call 2 22 "$dumpvars", 32'sb00000000000000000000000000000000, S_0000025eaaa5e430 {0 0 0};
    %pushi/vec4 1, 0, 1;
    %assign/vec4 v0000025eaaaef8c0_0, 0;
    %delay 2, 0;
    %pushi/vec4 0, 0, 1;
    %assign/vec4 v0000025eaaaef8c0_0, 0;
    %pushi/vec4 1, 0, 1;
    %assign/vec4 v0000025eaaa72ff0_0, 0;
    %pushi/vec4 0, 0, 8;
    %assign/vec4 v0000025eaaa73090_0, 0;
    %pushi/vec4 0, 0, 8;
    %store/vec4 v0000025eaaa73090_0, 0, 8;
T_1.0 ;
    %load/vec4 v0000025eaaa73090_0;
    %pad/u 32;
    %cmpi/u 5, 0, 32;
    %jmp/0xz T_1.1, 5;
    %delay 2, 0;
    %load/vec4 v0000025eaaa73090_0;
    %addi 1, 0, 8;
    %store/vec4 v0000025eaaa73090_0, 0, 8;
    %jmp T_1.0;
T_1.1 ;
    %delay 2, 0;
    %delay 2, 0;
    %delay 2, 0;
    %vpi_call 2 35 "$finish" {0 0 0};
    %end;
    .thread T_1;
    .scope S_0000025eaaa5e430;
T_2 ;
    %delay 1, 0;
    %load/vec4 v0000025eaaa72f50_0;
    %inv;
    %assign/vec4 v0000025eaaa72f50_0, 0;
    %jmp T_2;
    .thread T_2;
# The file index is used to find the file name in the following table.
:file_names 4;
    "N/A";
    "<interactive>";
    "SmoothingFilter_tb.v";
    "./Smoothing_Filter.v";
