#! /c/Source/iverilog-install/bin/vvp
:ivl_version "12.0 (devel)" "(s20150603-1539-g2693dd32b)";
:ivl_delay_selection "TYPICAL";
:vpi_time_precision + 0;
:vpi_module "C:\iverilog\lib\ivl\system.vpi";
:vpi_module "C:\iverilog\lib\ivl\vhdl_sys.vpi";
:vpi_module "C:\iverilog\lib\ivl\vhdl_textio.vpi";
:vpi_module "C:\iverilog\lib\ivl\v2005_math.vpi";
:vpi_module "C:\iverilog\lib\ivl\va_math.vpi";
S_000001f6e37fbc70 .scope module, "Smoothing_Filter" "Smoothing_Filter" 2 25;
 .timescale 0 0;
    .port_info 0 /INPUT 1 "clk";
    .port_info 1 /INPUT 1 "reset";
    .port_info 2 /INPUT 1 "enb";
    .port_info 3 /INPUT 8 "In_Arrary";
    .port_info 4 /OUTPUT 8 "SmoothedArray";
v000001f6e3838e00_0 .net "Add1_out1", 7 0, L_000001f6e3891180;  1 drivers
v000001f6e37fb200_0 .net "Add2_out1", 7 0, L_000001f6e3891900;  1 drivers
v000001f6e37fafc0_0 .net "Add3_out1", 7 0, L_000001f6e3891360;  1 drivers
v000001f6e37fa600_0 .net "Add_out1", 7 0, L_000001f6e3891c20;  1 drivers
o000001f6e384c028 .functor BUFZ 8, C4<zzzzzzzz>; HiZ drive
v000001f6e3844ca0_0 .net "In_Arrary", 7 0, o000001f6e384c028;  0 drivers
v000001f6e3844d40_0 .var "In_Arrary_1", 7 0;
v000001f6e3844de0_0 .var "In_Arrary_2", 7 0;
v000001f6e3844e80_0 .var "In_Arrary_3", 7 0;
v000001f6e3844f20_0 .var "In_Arrary_4", 7 0;
v000001f6e3890ff0_0 .net "SmoothedArray", 7 0, L_000001f6e38919a0;  1 drivers
L_000001f6e389a268 .functor BUFT 1, C4<000000000000000000000000>, C4<0>, C4<0>, C4<0>;
v000001f6e3891090_0 .net *"_ivl_11", 23 0, L_000001f6e389a268;  1 drivers
L_000001f6e389a2b0 .functor BUFT 1, C4<00000000000000000000000000000101>, C4<0>, C4<0>, C4<0>;
v000001f6e3891fe0_0 .net/2u *"_ivl_12", 31 0, L_000001f6e389a2b0;  1 drivers
v000001f6e3891cc0_0 .net *"_ivl_14", 31 0, L_000001f6e38912c0;  1 drivers
v000001f6e38917c0_0 .net *"_ivl_8", 31 0, L_000001f6e3891220;  1 drivers
o000001f6e384c208 .functor BUFZ 1, C4<z>; HiZ drive
v000001f6e3891860_0 .net "clk", 0 0, o000001f6e384c208;  0 drivers
o000001f6e384c238 .functor BUFZ 1, C4<z>; HiZ drive
v000001f6e3892080_0 .net "enb", 0 0, o000001f6e384c238;  0 drivers
o000001f6e384c268 .functor BUFZ 1, C4<z>; HiZ drive
v000001f6e3891ae0_0 .net "reset", 0 0, o000001f6e384c268;  0 drivers
E_000001f6e3849b10 .event posedge, v000001f6e3891ae0_0, v000001f6e3891860_0;
L_000001f6e3891c20 .arith/sum 8, o000001f6e384c028, v000001f6e3844d40_0;
L_000001f6e3891180 .arith/sum 8, v000001f6e3844de0_0, v000001f6e3844e80_0;
L_000001f6e3891900 .arith/sum 8, L_000001f6e3891c20, L_000001f6e3891180;
L_000001f6e3891360 .arith/sum 8, L_000001f6e3891900, v000001f6e3844f20_0;
L_000001f6e3891220 .concat [ 8 24 0 0], L_000001f6e3891360, L_000001f6e389a268;
L_000001f6e38912c0 .arith/div 32, L_000001f6e3891220, L_000001f6e389a2b0;
L_000001f6e38919a0 .part L_000001f6e38912c0, 0, 8;
S_000001f6e3838c70 .scope begin, "reduced_1_process" "reduced_1_process" 2 67, 2 67 0, S_000001f6e37fbc70;
 .timescale 0 0;
S_000001f6e3812ce0 .scope begin, "reduced_2_process" "reduced_2_process" 2 80, 2 80 0, S_000001f6e37fbc70;
 .timescale 0 0;
S_000001f6e3812e70 .scope begin, "reduced_3_process" "reduced_3_process" 2 99, 2 99 0, S_000001f6e37fbc70;
 .timescale 0 0;
S_000001f6e3813000 .scope begin, "reduced_process" "reduced_process" 2 51, 2 51 0, S_000001f6e37fbc70;
 .timescale 0 0;
    .scope S_000001f6e37fbc70;
T_0 ;
    %wait E_000001f6e3849b10;
    %fork t_1, S_000001f6e3813000;
    %jmp t_0;
    .scope S_000001f6e3813000;
t_1 ;
    %load/vec4 v000001f6e3891ae0_0;
    %cmpi/e 1, 0, 1;
    %jmp/0xz  T_0.0, 4;
    %pushi/vec4 0, 0, 8;
    %assign/vec4 v000001f6e3844d40_0, 0;
    %jmp T_0.1;
T_0.0 ;
    %load/vec4 v000001f6e3892080_0;
    %flag_set/vec4 8;
    %jmp/0xz  T_0.2, 8;
    %load/vec4 v000001f6e3844ca0_0;
    %assign/vec4 v000001f6e3844d40_0, 0;
T_0.2 ;
T_0.1 ;
    %end;
    .scope S_000001f6e37fbc70;
t_0 %join;
    %jmp T_0;
    .thread T_0;
    .scope S_000001f6e37fbc70;
T_1 ;
    %wait E_000001f6e3849b10;
    %fork t_3, S_000001f6e3838c70;
    %jmp t_2;
    .scope S_000001f6e3838c70;
t_3 ;
    %load/vec4 v000001f6e3891ae0_0;
    %cmpi/e 1, 0, 1;
    %jmp/0xz  T_1.0, 4;
    %pushi/vec4 0, 0, 8;
    %assign/vec4 v000001f6e3844de0_0, 0;
    %jmp T_1.1;
T_1.0 ;
    %load/vec4 v000001f6e3892080_0;
    %flag_set/vec4 8;
    %jmp/0xz  T_1.2, 8;
    %load/vec4 v000001f6e3844d40_0;
    %assign/vec4 v000001f6e3844de0_0, 0;
T_1.2 ;
T_1.1 ;
    %end;
    .scope S_000001f6e37fbc70;
t_2 %join;
    %jmp T_1;
    .thread T_1;
    .scope S_000001f6e37fbc70;
T_2 ;
    %wait E_000001f6e3849b10;
    %fork t_5, S_000001f6e3812ce0;
    %jmp t_4;
    .scope S_000001f6e3812ce0;
t_5 ;
    %load/vec4 v000001f6e3891ae0_0;
    %cmpi/e 1, 0, 1;
    %jmp/0xz  T_2.0, 4;
    %pushi/vec4 0, 0, 8;
    %assign/vec4 v000001f6e3844e80_0, 0;
    %jmp T_2.1;
T_2.0 ;
    %load/vec4 v000001f6e3892080_0;
    %flag_set/vec4 8;
    %jmp/0xz  T_2.2, 8;
    %load/vec4 v000001f6e3844de0_0;
    %assign/vec4 v000001f6e3844e80_0, 0;
T_2.2 ;
T_2.1 ;
    %end;
    .scope S_000001f6e37fbc70;
t_4 %join;
    %jmp T_2;
    .thread T_2;
    .scope S_000001f6e37fbc70;
T_3 ;
    %wait E_000001f6e3849b10;
    %fork t_7, S_000001f6e3812e70;
    %jmp t_6;
    .scope S_000001f6e3812e70;
t_7 ;
    %load/vec4 v000001f6e3891ae0_0;
    %cmpi/e 1, 0, 1;
    %jmp/0xz  T_3.0, 4;
    %pushi/vec4 0, 0, 8;
    %assign/vec4 v000001f6e3844f20_0, 0;
    %jmp T_3.1;
T_3.0 ;
    %load/vec4 v000001f6e3892080_0;
    %flag_set/vec4 8;
    %jmp/0xz  T_3.2, 8;
    %load/vec4 v000001f6e3844e80_0;
    %assign/vec4 v000001f6e3844f20_0, 0;
T_3.2 ;
T_3.1 ;
    %end;
    .scope S_000001f6e37fbc70;
t_6 %join;
    %jmp T_3;
    .thread T_3;
# The file index is used to find the file name in the following table.
:file_names 3;
    "N/A";
    "<interactive>";
    "Smoothing_Filter.v";
